<component name="libraryTable">
  <library name="JUnit5">
    <CLASSES>
      <root url="file://$PROJECT_DIR$/../lib/JUnit5" />
    </CLASSES>
    <JAVADOC />
    <SOURCES />
    <jarDirectory url="file://$PROJECT_DIR$/../lib/JUnit5" recursive="false" />
  </library>
</component>